This is e-pTeX, Version 3.14159265-p3.8.3-191112-2.6 (utf8.sjis) (TeX Live 2020/W32TeX) (preloaded format=platex 2020.6.19)  16 FEB 2021 20:01
entering extended mode
 restricted \write18 enabled.
 %&-line parsing enabled.
**acknowledgement.tex
(./acknowledgement.tex
pLaTeX2e <2020-04-12> (based on LaTeX2e <2020-02-02> patch level 5)
L3 programming layer <2020-06-18>
! Undefined control sequence.
l.1 \chapter
            *{謝辞}
? 
! Emergency stop.
l.1 \chapter
            *{謝辞}
End of file on the terminal!

 
Here is how much of TeX's memory you used:
 16 strings out of 480982
 339 string characters out of 5914776
 239041 words of memory out of 5000000
 16318 multiletter control sequences out of 15000+600000
 536209 words of font info for 41 fonts, out of 8000000 for 9000
 929 hyphenation exceptions out of 8191
 13i,0n,15p,66b,10s stack positions out of 5000i,500n,10000p,500000b,80000s
No pages of output.
