This is e-pTeX, Version 3.14159265-p3.5-130605-2.6 (utf8.sjis) (TeX Live 2014/W32TeX) (preloaded format=platex 2015.6.20)  1 APR 2016 19:59
entering extended mode
 restricted \write18 enabled.
 %&-line parsing enabled.
**reference
(./reference.tex
pLaTeX2e <2006/11/10> (based on LaTeX2e <2014/05/01> patch level 0)
Babel <3.9k> and hyphenation patterns for 78 languages loaded.

! LaTeX Error: \bibname undefined.

See the LaTeX manual or LaTeX Companion for explanation.
Type  H <return>  for immediate help.
 ...                                              
                                                  
l.1 \renewcommand{\bibname}
                           {参考文献}
? 
! Emergency stop.
 ...                                              
                                                  
l.1 \renewcommand{\bibname}
                           {参考文献}
Try typing  <return>  to proceed.
If that doesn't work, type  X <return>  to quit.

 
Here is how much of TeX's memory you used:
 6 strings out of 493807
 184 string characters out of 6154844
 53144 words of memory out of 5000000
 3570 multiletter control sequences out of 15000+600000
 7519 words of font info for 31 fonts, out of 8000000 for 9000
 929 hyphenation exceptions out of 8191
 5i,0n,5p,53b,14s stack positions out of 5000i,500n,10000p,200000b,80000s
No pages of output.
